11-12-2025 15:25:23.982 [main] INFO  c.t.b.core.BasewareCoreApplication.logStarting - Starting BasewareCoreApplication using Java 21.0.8 with PID 23024 (D:\Work\BanLamViec\api\target\classes started by tainv in D:\Work\BanLamViec\api)
11-12-2025 15:25:23.983 [main] INFO  c.t.b.core.BasewareCoreApplication.logStartupProfileInfo - The following 5 profiles are active: "init", "tls", "uribypass", "openapi", "dev"
11-12-2025 15:25:27.458 [main] INFO  o.s.b.w.e.tomcat.TomcatWebServer.initialize - Tomcat initialized with port 8888 (http)
11-12-2025 15:25:27.471 [main] INFO  o.a.catalina.core.StandardService.log - Starting service [Tomcat]
11-12-2025 15:25:27.471 [main] INFO  o.a.catalina.core.StandardEngine.log - Starting Servlet engine: [Apache Tomcat/10.1.40]
11-12-2025 15:25:27.579 [main] INFO  o.a.c.c.C.[Tomcat].[localhost].[/].log - Initializing Spring embedded WebApplicationContext
11-12-2025 15:25:27.580 [main] INFO  o.s.b.w.s.c.ServletWebServerApplicationContext.prepareWebApplicationContext - Root WebApplicationContext: initialization completed in 3553 ms
11-12-2025 15:25:28.269 [main] INFO  c.t.b.c.configs.CacheConfiguration.redisConnectionFactory - ✅ Configuring Redis connection to localhost:6379 with no authentication
11-12-2025 15:25:29.054 [main] INFO  c.t.b.c.configs.CustomNamingStrategy.init - ✅ Custom naming strategy initialized with development profile (prefix: '')
11-12-2025 15:25:29.548 [main] WARN  com.zaxxer.hikari.HikariConfig.validateNumerics - HikariPool-1 - idleTimeout has been set but has no effect because the pool is operating as a fixed size pool.
11-12-2025 15:25:29.549 [main] INFO  com.zaxxer.hikari.HikariDataSource.getConnection - HikariPool-1 - Starting...
11-12-2025 15:25:29.724 [main] INFO  com.zaxxer.hikari.pool.HikariPool.checkFailFast - HikariPool-1 - Added connection org.postgresql.jdbc.PgConnection@3b8ce72
11-12-2025 15:25:29.725 [main] INFO  com.zaxxer.hikari.HikariDataSource.getConnection - HikariPool-1 - Start completed.
11-12-2025 15:25:34.538 [main] WARN  o.h.e.jdbc.spi.SqlExceptionHelper.logWarning - SQL Warning Code: 0, SQLState: 00000
11-12-2025 15:25:34.538 [main] WARN  o.h.e.jdbc.spi.SqlExceptionHelper.logWarning - constraint "ukiwylx6fb2dqdw8kfc31vaiiyp" of relation "categories" does not exist, skipping
11-12-2025 15:25:34.538 [main] WARN  o.h.e.jdbc.spi.SqlExceptionHelper.logWarning - SQL Warning Code: 0, SQLState: 00000
11-12-2025 15:25:34.538 [main] WARN  o.h.e.jdbc.spi.SqlExceptionHelper.logWarning - constraint "ukt8o6pivur7nn124jehx7cygw5" of relation "categories" does not exist, skipping
11-12-2025 15:25:34.538 [main] WARN  o.h.e.jdbc.spi.SqlExceptionHelper.logWarning - SQL Warning Code: 0, SQLState: 00000
11-12-2025 15:25:34.538 [main] WARN  o.h.e.jdbc.spi.SqlExceptionHelper.logWarning - constraint "uk8gtji4wdceln0554rbl06eudf" of relation "communes" does not exist, skipping
11-12-2025 15:25:34.552 [main] WARN  o.h.e.jdbc.spi.SqlExceptionHelper.logWarning - SQL Warning Code: 0, SQLState: 00000
11-12-2025 15:25:34.553 [main] WARN  o.h.e.jdbc.spi.SqlExceptionHelper.logWarning - constraint "uk5dhgnik9p8t72kaktdb8kd8dt" of relation "countries" does not exist, skipping
11-12-2025 15:25:34.556 [main] WARN  o.h.e.jdbc.spi.SqlExceptionHelper.logWarning - SQL Warning Code: 0, SQLState: 00000
11-12-2025 15:25:34.556 [main] WARN  o.h.e.jdbc.spi.SqlExceptionHelper.logWarning - constraint "uk7fcv9rm1ecfeumh1lo4tuntgm" of relation "menus" does not exist, skipping
11-12-2025 15:25:34.559 [main] WARN  o.h.e.jdbc.spi.SqlExceptionHelper.logWarning - SQL Warning Code: 0, SQLState: 00000
11-12-2025 15:25:34.559 [main] WARN  o.h.e.jdbc.spi.SqlExceptionHelper.logWarning - constraint "uk752mo4d1g26knhksum5pek87" of relation "menus" does not exist, skipping
11-12-2025 15:25:34.561 [main] WARN  o.h.e.jdbc.spi.SqlExceptionHelper.logWarning - SQL Warning Code: 0, SQLState: 00000
11-12-2025 15:25:34.561 [main] WARN  o.h.e.jdbc.spi.SqlExceptionHelper.logWarning - constraint "ukkamtsqvsul6leg7svd95mmydq" of relation "organizations" does not exist, skipping
11-12-2025 15:25:34.564 [main] WARN  o.h.e.jdbc.spi.SqlExceptionHelper.logWarning - SQL Warning Code: 0, SQLState: 00000
11-12-2025 15:25:34.564 [main] WARN  o.h.e.jdbc.spi.SqlExceptionHelper.logWarning - constraint "ukp9pbw3flq9hkay8hdx3ypsldy" of relation "organizations" does not exist, skipping
11-12-2025 15:25:34.566 [main] WARN  o.h.e.jdbc.spi.SqlExceptionHelper.logWarning - SQL Warning Code: 0, SQLState: 00000
11-12-2025 15:25:34.566 [main] WARN  o.h.e.jdbc.spi.SqlExceptionHelper.logWarning - constraint "uk2i57dq3l21p59802utu819two" of relation "privileges" does not exist, skipping
11-12-2025 15:25:34.569 [main] WARN  o.h.e.jdbc.spi.SqlExceptionHelper.logWarning - SQL Warning Code: 0, SQLState: 00000
11-12-2025 15:25:34.570 [main] WARN  o.h.e.jdbc.spi.SqlExceptionHelper.logWarning - constraint "ukm2tnonbcaquofx1ccy060ejyc" of relation "privileges" does not exist, skipping
11-12-2025 15:25:34.572 [main] WARN  o.h.e.jdbc.spi.SqlExceptionHelper.logWarning - SQL Warning Code: 0, SQLState: 00000
11-12-2025 15:25:34.572 [main] WARN  o.h.e.jdbc.spi.SqlExceptionHelper.logWarning - constraint "ukdalikev902uvkpwn632apqe1k" of relation "provinces" does not exist, skipping
11-12-2025 15:25:34.575 [main] WARN  o.h.e.jdbc.spi.SqlExceptionHelper.logWarning - SQL Warning Code: 0, SQLState: 00000
11-12-2025 15:25:34.575 [main] WARN  o.h.e.jdbc.spi.SqlExceptionHelper.logWarning - constraint "ukofx66keruapi6vyqpv6f2or37" of relation "roles" does not exist, skipping
11-12-2025 15:25:34.578 [main] WARN  o.h.e.jdbc.spi.SqlExceptionHelper.logWarning - SQL Warning Code: 0, SQLState: 00000
11-12-2025 15:25:34.578 [main] WARN  o.h.e.jdbc.spi.SqlExceptionHelper.logWarning - constraint "uke0yrpnbigl6lhq5f9jf2gr0pl" of relation "tokens" does not exist, skipping
11-12-2025 15:25:34.581 [main] WARN  o.h.e.jdbc.spi.SqlExceptionHelper.logWarning - SQL Warning Code: 0, SQLState: 00000
11-12-2025 15:25:34.581 [main] WARN  o.h.e.jdbc.spi.SqlExceptionHelper.logWarning - constraint "ukdu5v5sr43g5bfnji4vb8hg5s3" of relation "users" does not exist, skipping
11-12-2025 15:25:34.583 [main] WARN  o.h.e.jdbc.spi.SqlExceptionHelper.logWarning - SQL Warning Code: 0, SQLState: 00000
11-12-2025 15:25:34.584 [main] WARN  o.h.e.jdbc.spi.SqlExceptionHelper.logWarning - constraint "ukr43af9ap4edm43mmtq01oddj6" of relation "users" does not exist, skipping
11-12-2025 15:25:35.034 [main] INFO  o.s.d.j.r.query.QueryEnhancerFactory.<clinit> - Hibernate is in classpath; If applicable, HQL parser will be used.
11-12-2025 15:25:35.805 [main] ERROR o.s.b.w.e.tomcat.TomcatStarter.onStartup - Error starting Tomcat context. Exception: org.springframework.beans.factory.UnsatisfiedDependencyException. Message: Error creating bean with name 'customAuthorizationFilter' defined in file [D:\Work\BanLamViec\api\target\classes\com\tnh\baseware\core\components\CustomAuthorizationFilter.class]: Unsatisfied dependency expressed through constructor parameter 4: Error creating bean with name 'jwtTokenService' defined in file [D:\Work\BanLamViec\api\target\classes\com\tnh\baseware\core\securities\JwtTokenService.class]: Unsatisfied dependency expressed through constructor parameter 1: Error creating bean with name 'IUserRepository' defined in com.tnh.baseware.core.repositories.user.IUserRepository defined in @EnableJpaRepositories declared on JpaRepositoriesRegistrar.EnableJpaRepositoriesConfiguration: Could not create query for public abstract java.util.List com.tnh.baseware.core.repositories.user.IUserRepository.countCameraDevicesByZoneIds(java.util.List); Reason: Validation failed for query for method public abstract java.util.List com.tnh.baseware.core.repositories.user.IUserRepository.countCameraDevicesByZoneIds(java.util.List)
11-12-2025 15:25:35.846 [main] INFO  o.a.catalina.core.StandardService.log - Stopping service [Tomcat]
11-12-2025 15:25:35.849 [main] WARN  o.a.c.loader.WebappClassLoaderBase.log - The web application [ROOT] appears to have started a thread named [lettuce-eventExecutorLoop-1-1] but has failed to stop it. This is very likely to create a memory leak. Stack trace of thread:
 java.base/jdk.internal.misc.Unsafe.park(Native Method)
 java.base/java.util.concurrent.locks.LockSupport.parkNanos(LockSupport.java:269)
 java.base/java.util.concurrent.locks.AbstractQueuedSynchronizer$ConditionObject.awaitNanos(AbstractQueuedSynchronizer.java:1763)
 java.base/java.util.concurrent.LinkedBlockingQueue.poll(LinkedBlockingQueue.java:460)
 io.netty.util.concurrent.SingleThreadEventExecutor.takeTask(SingleThreadEventExecutor.java:256)
 io.netty.util.concurrent.DefaultEventExecutor.run(DefaultEventExecutor.java:64)
 io.netty.util.concurrent.SingleThreadEventExecutor$4.run(SingleThreadEventExecutor.java:998)
 io.netty.util.internal.ThreadExecutorMap$2.run(ThreadExecutorMap.java:74)
 io.netty.util.concurrent.FastThreadLocalRunnable.run(FastThreadLocalRunnable.java:30)
 java.base/java.lang.Thread.run(Thread.java:1583)
11-12-2025 15:25:35.851 [main] WARN  o.a.c.loader.WebappClassLoaderBase.log - The web application [ROOT] appears to have started a thread named [lettuce-timer-3-1] but has failed to stop it. This is very likely to create a memory leak. Stack trace of thread:
 java.base/java.lang.Thread.sleep0(Native Method)
 java.base/java.lang.Thread.sleep(Thread.java:509)
 io.netty.util.HashedWheelTimer$Worker.waitForNextTick(HashedWheelTimer.java:598)
 io.netty.util.HashedWheelTimer$Worker.run(HashedWheelTimer.java:494)
 io.netty.util.concurrent.FastThreadLocalRunnable.run(FastThreadLocalRunnable.java:30)
 java.base/java.lang.Thread.run(Thread.java:1583)
11-12-2025 15:25:35.851 [main] WARN  o.a.c.loader.WebappClassLoaderBase.log - The web application [ROOT] appears to have started a thread named [HikariPool-1 housekeeper] but has failed to stop it. This is very likely to create a memory leak. Stack trace of thread:
 java.base/jdk.internal.misc.Unsafe.park(Native Method)
 java.base/java.util.concurrent.locks.LockSupport.parkNanos(LockSupport.java:269)
 java.base/java.util.concurrent.locks.AbstractQueuedSynchronizer$ConditionObject.awaitNanos(AbstractQueuedSynchronizer.java:1763)
 java.base/java.util.concurrent.ScheduledThreadPoolExecutor$DelayedWorkQueue.take(ScheduledThreadPoolExecutor.java:1182)
 java.base/java.util.concurrent.ScheduledThreadPoolExecutor$DelayedWorkQueue.take(ScheduledThreadPoolExecutor.java:899)
 java.base/java.util.concurrent.ThreadPoolExecutor.getTask(ThreadPoolExecutor.java:1070)
 java.base/java.util.concurrent.ThreadPoolExecutor.runWorker(ThreadPoolExecutor.java:1130)
 java.base/java.util.concurrent.ThreadPoolExecutor$Worker.run(ThreadPoolExecutor.java:642)
 java.base/java.lang.Thread.run(Thread.java:1583)
11-12-2025 15:25:35.854 [main] WARN  o.s.b.w.s.c.AnnotationConfigServletWebServerApplicationContext.refresh - Exception encountered during context initialization - cancelling refresh attempt: org.springframework.context.ApplicationContextException: Unable to start web server
11-12-2025 15:25:35.857 [main] INFO  com.zaxxer.hikari.HikariDataSource.close - HikariPool-1 - Shutdown initiated...
11-12-2025 15:25:35.859 [main] INFO  com.zaxxer.hikari.HikariDataSource.close - HikariPool-1 - Shutdown completed.
11-12-2025 15:25:35.884 [main] INFO  o.s.b.a.l.ConditionEvaluationReportLogger.logMessage - 

Error starting ApplicationContext. To display the condition evaluation report re-run your application with 'debug' enabled.
11-12-2025 15:25:35.947 [main] ERROR o.s.boot.SpringApplication.reportFailure - Application run failed
org.springframework.context.ApplicationContextException: Unable to start web server
	at org.springframework.boot.web.servlet.context.ServletWebServerApplicationContext.onRefresh(ServletWebServerApplicationContext.java:170)
	at org.springframework.context.support.AbstractApplicationContext.refresh(AbstractApplicationContext.java:621)
	at org.springframework.boot.web.servlet.context.ServletWebServerApplicationContext.refresh(ServletWebServerApplicationContext.java:146)
	at org.springframework.boot.SpringApplication.refresh(SpringApplication.java:753)
	at org.springframework.boot.SpringApplication.refreshContext(SpringApplication.java:439)
	at org.springframework.boot.SpringApplication.run(SpringApplication.java:318)
	at com.tnh.baseware.core.BasewareCoreApplication.main(BasewareCoreApplication.java:39)
Caused by: org.springframework.boot.web.server.WebServerException: Unable to start embedded Tomcat
	at org.springframework.boot.web.embedded.tomcat.TomcatWebServer.initialize(TomcatWebServer.java:147)
	at org.springframework.boot.web.embedded.tomcat.TomcatWebServer.<init>(TomcatWebServer.java:107)
	at org.springframework.boot.web.embedded.tomcat.TomcatServletWebServerFactory.getTomcatWebServer(TomcatServletWebServerFactory.java:517)
	at org.springframework.boot.web.embedded.tomcat.TomcatServletWebServerFactory.getWebServer(TomcatServletWebServerFactory.java:219)
	at org.springframework.boot.web.servlet.context.ServletWebServerApplicationContext.createWebServer(ServletWebServerApplicationContext.java:193)
	at org.springframework.boot.web.servlet.context.ServletWebServerApplicationContext.onRefresh(ServletWebServerApplicationContext.java:167)
	... 6 common frames omitted
Caused by: org.springframework.beans.factory.UnsatisfiedDependencyException: Error creating bean with name 'customAuthorizationFilter' defined in file [D:\Work\BanLamViec\api\target\classes\com\tnh\baseware\core\components\CustomAuthorizationFilter.class]: Unsatisfied dependency expressed through constructor parameter 4: Error creating bean with name 'jwtTokenService' defined in file [D:\Work\BanLamViec\api\target\classes\com\tnh\baseware\core\securities\JwtTokenService.class]: Unsatisfied dependency expressed through constructor parameter 1: Error creating bean with name 'IUserRepository' defined in com.tnh.baseware.core.repositories.user.IUserRepository defined in @EnableJpaRepositories declared on JpaRepositoriesRegistrar.EnableJpaRepositoriesConfiguration: Could not create query for public abstract java.util.List com.tnh.baseware.core.repositories.user.IUserRepository.countCameraDevicesByZoneIds(java.util.List); Reason: Validation failed for query for method public abstract java.util.List com.tnh.baseware.core.repositories.user.IUserRepository.countCameraDevicesByZoneIds(java.util.List)
	at org.springframework.beans.factory.support.ConstructorResolver.createArgumentArray(ConstructorResolver.java:804)
	at org.springframework.beans.factory.support.ConstructorResolver.autowireConstructor(ConstructorResolver.java:240)
	at org.springframework.beans.factory.support.AbstractAutowireCapableBeanFactory.autowireConstructor(AbstractAutowireCapableBeanFactory.java:1387)
	at org.springframework.beans.factory.support.AbstractAutowireCapableBeanFactory.createBeanInstance(AbstractAutowireCapableBeanFactory.java:1224)
	at org.springframework.beans.factory.support.AbstractAutowireCapableBeanFactory.doCreateBean(AbstractAutowireCapableBeanFactory.java:569)
	at org.springframework.beans.factory.support.AbstractAutowireCapableBeanFactory.createBean(AbstractAutowireCapableBeanFactory.java:529)
	at org.springframework.beans.factory.support.AbstractBeanFactory.lambda$doGetBean$0(AbstractBeanFactory.java:339)
	at org.springframework.beans.factory.support.DefaultSingletonBeanRegistry.getSingleton(DefaultSingletonBeanRegistry.java:371)
	at org.springframework.beans.factory.support.AbstractBeanFactory.doGetBean(AbstractBeanFactory.java:337)
	at org.springframework.beans.factory.support.AbstractBeanFactory.getBean(AbstractBeanFactory.java:207)
	at org.springframework.boot.web.servlet.ServletContextInitializerBeans.getOrderedBeansOfType(ServletContextInitializerBeans.java:211)
	at org.springframework.boot.web.servlet.ServletContextInitializerBeans.addAsRegistrationBean(ServletContextInitializerBeans.java:174)
	at org.springframework.boot.web.servlet.ServletContextInitializerBeans.addAsRegistrationBean(ServletContextInitializerBeans.java:169)
	at org.springframework.boot.web.servlet.ServletContextInitializerBeans.addAdaptableBeans(ServletContextInitializerBeans.java:154)
	at org.springframework.boot.web.servlet.ServletContextInitializerBeans.<init>(ServletContextInitializerBeans.java:87)
	at org.springframework.boot.web.servlet.context.ServletWebServerApplicationContext.getServletContextInitializerBeans(ServletWebServerApplicationContext.java:271)
	at org.springframework.boot.web.servlet.context.ServletWebServerApplicationContext.selfInitialize(ServletWebServerApplicationContext.java:245)
	at org.springframework.boot.web.embedded.tomcat.TomcatStarter.onStartup(TomcatStarter.java:52)
	at org.apache.catalina.core.StandardContext.startInternal(StandardContext.java:4464)
	at org.apache.catalina.util.LifecycleBase.start(LifecycleBase.java:164)
	at org.apache.catalina.core.ContainerBase$StartChild.call(ContainerBase.java:1203)
	at org.apache.catalina.core.ContainerBase$StartChild.call(ContainerBase.java:1193)
	at java.base/java.util.concurrent.FutureTask.run(FutureTask.java:317)
	at org.apache.tomcat.util.threads.InlineExecutorService.execute(InlineExecutorService.java:75)
	at java.base/java.util.concurrent.AbstractExecutorService.submit(AbstractExecutorService.java:145)
	at org.apache.catalina.core.ContainerBase.startInternal(ContainerBase.java:749)
	at org.apache.catalina.core.StandardHost.startInternal(StandardHost.java:772)
	at org.apache.catalina.util.LifecycleBase.start(LifecycleBase.java:164)
	at org.apache.catalina.core.ContainerBase$StartChild.call(ContainerBase.java:1203)
	at org.apache.catalina.core.ContainerBase$StartChild.call(ContainerBase.java:1193)
	at java.base/java.util.concurrent.FutureTask.run(FutureTask.java:317)
	at org.apache.tomcat.util.threads.InlineExecutorService.execute(InlineExecutorService.java:75)
	at java.base/java.util.concurrent.AbstractExecutorService.submit(AbstractExecutorService.java:145)
	at org.apache.catalina.core.ContainerBase.startInternal(ContainerBase.java:749)
	at org.apache.catalina.core.StandardEngine.startInternal(StandardEngine.java:203)
	at org.apache.catalina.util.LifecycleBase.start(LifecycleBase.java:164)
	at org.apache.catalina.core.StandardService.startInternal(StandardService.java:412)
	at org.apache.catalina.util.LifecycleBase.start(LifecycleBase.java:164)
	at org.apache.catalina.core.StandardServer.startInternal(StandardServer.java:870)
	at org.apache.catalina.util.LifecycleBase.start(LifecycleBase.java:164)
	at org.apache.catalina.startup.Tomcat.start(Tomcat.java:438)
	at org.springframework.boot.web.embedded.tomcat.TomcatWebServer.initialize(TomcatWebServer.java:128)
	... 11 common frames omitted
Caused by: org.springframework.beans.factory.UnsatisfiedDependencyException: Error creating bean with name 'jwtTokenService' defined in file [D:\Work\BanLamViec\api\target\classes\com\tnh\baseware\core\securities\JwtTokenService.class]: Unsatisfied dependency expressed through constructor parameter 1: Error creating bean with name 'IUserRepository' defined in com.tnh.baseware.core.repositories.user.IUserRepository defined in @EnableJpaRepositories declared on JpaRepositoriesRegistrar.EnableJpaRepositoriesConfiguration: Could not create query for public abstract java.util.List com.tnh.baseware.core.repositories.user.IUserRepository.countCameraDevicesByZoneIds(java.util.List); Reason: Validation failed for query for method public abstract java.util.List com.tnh.baseware.core.repositories.user.IUserRepository.countCameraDevicesByZoneIds(java.util.List)
	at org.springframework.beans.factory.support.ConstructorResolver.createArgumentArray(ConstructorResolver.java:804)
	at org.springframework.beans.factory.support.ConstructorResolver.autowireConstructor(ConstructorResolver.java:240)
	at org.springframework.beans.factory.support.AbstractAutowireCapableBeanFactory.autowireConstructor(AbstractAutowireCapableBeanFactory.java:1387)
	at org.springframework.beans.factory.support.AbstractAutowireCapableBeanFactory.createBeanInstance(AbstractAutowireCapableBeanFactory.java:1224)
	at org.springframework.beans.factory.support.AbstractAutowireCapableBeanFactory.doCreateBean(AbstractAutowireCapableBeanFactory.java:569)
	at org.springframework.beans.factory.support.AbstractAutowireCapableBeanFactory.createBean(AbstractAutowireCapableBeanFactory.java:529)
	at org.springframework.beans.factory.support.AbstractBeanFactory.lambda$doGetBean$0(AbstractBeanFactory.java:339)
	at org.springframework.beans.factory.support.DefaultSingletonBeanRegistry.getSingleton(DefaultSingletonBeanRegistry.java:371)
	at org.springframework.beans.factory.support.AbstractBeanFactory.doGetBean(AbstractBeanFactory.java:337)
	at org.springframework.beans.factory.support.AbstractBeanFactory.getBean(AbstractBeanFactory.java:202)
	at org.springframework.beans.factory.support.DefaultListableBeanFactory.doResolveDependency(DefaultListableBeanFactory.java:1681)
	at org.springframework.beans.factory.support.DefaultListableBeanFactory.resolveDependency(DefaultListableBeanFactory.java:1627)
	at org.springframework.beans.factory.support.ConstructorResolver.resolveAutowiredArgument(ConstructorResolver.java:913)
	at org.springframework.beans.factory.support.ConstructorResolver.createArgumentArray(ConstructorResolver.java:791)
	... 52 common frames omitted
Caused by: org.springframework.beans.factory.BeanCreationException: Error creating bean with name 'IUserRepository' defined in com.tnh.baseware.core.repositories.user.IUserRepository defined in @EnableJpaRepositories declared on JpaRepositoriesRegistrar.EnableJpaRepositoriesConfiguration: Could not create query for public abstract java.util.List com.tnh.baseware.core.repositories.user.IUserRepository.countCameraDevicesByZoneIds(java.util.List); Reason: Validation failed for query for method public abstract java.util.List com.tnh.baseware.core.repositories.user.IUserRepository.countCameraDevicesByZoneIds(java.util.List)
	at org.springframework.beans.factory.support.AbstractAutowireCapableBeanFactory.initializeBean(AbstractAutowireCapableBeanFactory.java:1818)
	at org.springframework.beans.factory.support.AbstractAutowireCapableBeanFactory.doCreateBean(AbstractAutowireCapableBeanFactory.java:607)
	at org.springframework.beans.factory.support.AbstractAutowireCapableBeanFactory.createBean(AbstractAutowireCapableBeanFactory.java:529)
	at org.springframework.beans.factory.support.AbstractBeanFactory.lambda$doGetBean$0(AbstractBeanFactory.java:339)
	at org.springframework.beans.factory.support.DefaultSingletonBeanRegistry.getSingleton(DefaultSingletonBeanRegistry.java:371)
	at org.springframework.beans.factory.support.AbstractBeanFactory.doGetBean(AbstractBeanFactory.java:337)
	at org.springframework.beans.factory.support.AbstractBeanFactory.getBean(AbstractBeanFactory.java:202)
	at org.springframework.beans.factory.config.DependencyDescriptor.resolveCandidate(DependencyDescriptor.java:254)
	at org.springframework.beans.factory.support.DefaultListableBeanFactory.doResolveDependency(DefaultListableBeanFactory.java:1739)
	at org.springframework.beans.factory.support.DefaultListableBeanFactory.resolveDependency(DefaultListableBeanFactory.java:1627)
	at org.springframework.beans.factory.support.ConstructorResolver.resolveAutowiredArgument(ConstructorResolver.java:913)
	at org.springframework.beans.factory.support.ConstructorResolver.createArgumentArray(ConstructorResolver.java:791)
	... 65 common frames omitted
Caused by: org.springframework.data.repository.query.QueryCreationException: Could not create query for public abstract java.util.List com.tnh.baseware.core.repositories.user.IUserRepository.countCameraDevicesByZoneIds(java.util.List); Reason: Validation failed for query for method public abstract java.util.List com.tnh.baseware.core.repositories.user.IUserRepository.countCameraDevicesByZoneIds(java.util.List)
	at org.springframework.data.repository.query.QueryCreationException.create(QueryCreationException.java:101)
	at org.springframework.data.repository.core.support.QueryExecutorMethodInterceptor.lookupQuery(QueryExecutorMethodInterceptor.java:120)
	at org.springframework.data.repository.core.support.QueryExecutorMethodInterceptor.mapMethodsToQuery(QueryExecutorMethodInterceptor.java:104)
	at org.springframework.data.repository.core.support.QueryExecutorMethodInterceptor.lambda$new$0(QueryExecutorMethodInterceptor.java:92)
	at java.base/java.util.Optional.map(Optional.java:260)
	at org.springframework.data.repository.core.support.QueryExecutorMethodInterceptor.<init>(QueryExecutorMethodInterceptor.java:92)
	at org.springframework.data.repository.core.support.RepositoryFactorySupport.getRepository(RepositoryFactorySupport.java:431)
	at org.springframework.data.repository.core.support.RepositoryFactoryBeanSupport.lambda$afterPropertiesSet$4(RepositoryFactoryBeanSupport.java:350)
	at org.springframework.data.util.Lazy.getNullable(Lazy.java:135)
	at org.springframework.data.util.Lazy.get(Lazy.java:113)
	at org.springframework.data.repository.core.support.RepositoryFactoryBeanSupport.afterPropertiesSet(RepositoryFactoryBeanSupport.java:356)
	at org.springframework.data.jpa.repository.support.JpaRepositoryFactoryBean.afterPropertiesSet(JpaRepositoryFactoryBean.java:132)
	at org.springframework.beans.factory.support.AbstractAutowireCapableBeanFactory.invokeInitMethods(AbstractAutowireCapableBeanFactory.java:1865)
	at org.springframework.beans.factory.support.AbstractAutowireCapableBeanFactory.initializeBean(AbstractAutowireCapableBeanFactory.java:1814)
	... 76 common frames omitted
Caused by: java.lang.IllegalArgumentException: Validation failed for query for method public abstract java.util.List com.tnh.baseware.core.repositories.user.IUserRepository.countCameraDevicesByZoneIds(java.util.List)
	at org.springframework.data.jpa.repository.query.SimpleJpaQuery.validateQuery(SimpleJpaQuery.java:97)
	at org.springframework.data.jpa.repository.query.SimpleJpaQuery.<init>(SimpleJpaQuery.java:67)
	at org.springframework.data.jpa.repository.query.JpaQueryFactory.fromMethodWithQueryString(JpaQueryFactory.java:49)
	at org.springframework.data.jpa.repository.query.JpaQueryLookupStrategy$DeclaredQueryLookupStrategy.resolveQuery(JpaQueryLookupStrategy.java:174)
	at org.springframework.data.jpa.repository.query.JpaQueryLookupStrategy$CreateIfNotFoundQueryLookupStrategy.resolveQuery(JpaQueryLookupStrategy.java:254)
	at org.springframework.data.jpa.repository.query.JpaQueryLookupStrategy$AbstractQueryLookupStrategy.resolveQuery(JpaQueryLookupStrategy.java:99)
	at org.springframework.data.repository.core.support.QueryExecutorMethodInterceptor.lookupQuery(QueryExecutorMethodInterceptor.java:116)
	... 88 common frames omitted
Caused by: java.lang.IllegalArgumentException: org.hibernate.query.sqm.UnknownPathException: Could not resolve attribute 'zones' of 'com.tnh.baseware.core.entities.user.User' [SELECT z.id, COUNT(DISTINCT u.id)
FROM User u
JOIN u.zones z
WHERE z.id IN :zoneIds
    AND u.deleted = false
    AND  u.userType = 'com.tnh.baseware.core.enums.UserType.CUSTOMER.getValue()'
GROUP BY z.id
]
	at org.hibernate.internal.ExceptionConverterImpl.convert(ExceptionConverterImpl.java:143)
	at org.hibernate.internal.ExceptionConverterImpl.convert(ExceptionConverterImpl.java:167)
	at org.hibernate.internal.ExceptionConverterImpl.convert(ExceptionConverterImpl.java:173)
	at org.hibernate.internal.AbstractSharedSessionContract.createQuery(AbstractSharedSessionContract.java:886)
	at org.hibernate.internal.AbstractSharedSessionContract.createQuery(AbstractSharedSessionContract.java:796)
	at org.hibernate.internal.AbstractSharedSessionContract.createQuery(AbstractSharedSessionContract.java:143)
	at java.base/jdk.internal.reflect.DirectMethodHandleAccessor.invoke(DirectMethodHandleAccessor.java:103)
	at java.base/java.lang.reflect.Method.invoke(Method.java:580)
	at org.springframework.orm.jpa.ExtendedEntityManagerCreator$ExtendedEntityManagerInvocationHandler.invoke(ExtendedEntityManagerCreator.java:364)
	at jdk.proxy2/jdk.proxy2.$Proxy186.createQuery(Unknown Source)
	at org.springframework.data.jpa.repository.query.SimpleJpaQuery.validateQuery(SimpleJpaQuery.java:91)
	... 94 common frames omitted
Caused by: org.hibernate.query.sqm.UnknownPathException: Could not resolve attribute 'zones' of 'com.tnh.baseware.core.entities.user.User' [SELECT z.id, COUNT(DISTINCT u.id)
FROM User u
JOIN u.zones z
WHERE z.id IN :zoneIds
    AND u.deleted = false
    AND  u.userType = 'com.tnh.baseware.core.enums.UserType.CUSTOMER.getValue()'
GROUP BY z.id
]
	at org.hibernate.query.hql.internal.StandardHqlTranslator.translate(StandardHqlTranslator.java:88)
	at org.hibernate.query.internal.QueryInterpretationCacheStandardImpl.createHqlInterpretation(QueryInterpretationCacheStandardImpl.java:145)
	at org.hibernate.query.internal.QueryInterpretationCacheStandardImpl.resolveHqlInterpretation(QueryInterpretationCacheStandardImpl.java:132)
	at org.hibernate.query.spi.QueryEngine.interpretHql(QueryEngine.java:54)
	at org.hibernate.internal.AbstractSharedSessionContract.interpretHql(AbstractSharedSessionContract.java:832)
	at org.hibernate.internal.AbstractSharedSessionContract.createQuery(AbstractSharedSessionContract.java:878)
	... 101 common frames omitted
Caused by: org.hibernate.query.sqm.PathElementException: Could not resolve attribute 'zones' of 'com.tnh.baseware.core.entities.user.User'
	at org.hibernate.query.sqm.SqmPathSource.getSubPathSource(SqmPathSource.java:95)
	at org.hibernate.query.hql.internal.QualifiedJoinPathConsumer.createJoin(QualifiedJoinPathConsumer.java:193)
	at org.hibernate.query.hql.internal.QualifiedJoinPathConsumer$AttributeJoinDelegate.consumeIdentifier(QualifiedJoinPathConsumer.java:271)
	at org.hibernate.query.hql.internal.QualifiedJoinPathConsumer.consumeIdentifier(QualifiedJoinPathConsumer.java:107)
	at org.hibernate.query.hql.internal.SemanticQueryBuilder.visitSimplePath(SemanticQueryBuilder.java:5465)
	at org.hibernate.query.hql.internal.SemanticQueryBuilder.visitGeneralPathFragment(SemanticQueryBuilder.java:5298)
	at org.hibernate.query.hql.internal.SemanticQueryBuilder.visitGeneralPathFragment(SemanticQueryBuilder.java:277)
	at org.hibernate.grammars.hql.HqlParser$GeneralPathFragmentContext.accept(HqlParser.java:4789)
	at org.hibernate.query.hql.internal.SemanticQueryBuilder.visitPath(SemanticQueryBuilder.java:5289)
	at org.hibernate.query.hql.internal.SemanticQueryBuilder.visitPath(SemanticQueryBuilder.java:277)
	at org.hibernate.grammars.hql.HqlParser$PathContext.accept(HqlParser.java:4519)
	at org.hibernate.query.hql.internal.SemanticQueryBuilder.getJoin(SemanticQueryBuilder.java:2280)
	at org.hibernate.query.hql.internal.SemanticQueryBuilder.consumeJoin(SemanticQueryBuilder.java:2224)
	at org.hibernate.query.hql.internal.SemanticQueryBuilder.visitEntityWithJoins(SemanticQueryBuilder.java:2037)
	at org.hibernate.query.hql.internal.SemanticQueryBuilder.visitFromClause(SemanticQueryBuilder.java:2016)
	at org.hibernate.query.hql.internal.SemanticQueryBuilder.visitQuery(SemanticQueryBuilder.java:1248)
	at org.hibernate.query.hql.internal.SemanticQueryBuilder.visitQuerySpecExpression(SemanticQueryBuilder.java:1040)
	at org.hibernate.query.hql.internal.SemanticQueryBuilder.visitQuerySpecExpression(SemanticQueryBuilder.java:277)
	at org.hibernate.grammars.hql.HqlParser$QuerySpecExpressionContext.accept(HqlParser.java:2134)
	at org.hibernate.query.hql.internal.SemanticQueryBuilder.visitSimpleQueryGroup(SemanticQueryBuilder.java:1025)
	at org.hibernate.query.hql.internal.SemanticQueryBuilder.visitSimpleQueryGroup(SemanticQueryBuilder.java:277)
	at org.hibernate.grammars.hql.HqlParser$SimpleQueryGroupContext.accept(HqlParser.java:2005)
	at org.hibernate.query.hql.internal.SemanticQueryBuilder.visitSelectStatement(SemanticQueryBuilder.java:492)
	at org.hibernate.query.hql.internal.SemanticQueryBuilder.visitStatement(SemanticQueryBuilder.java:451)
	at org.hibernate.query.hql.internal.SemanticQueryBuilder.buildSemanticModel(SemanticQueryBuilder.java:324)
	at org.hibernate.query.hql.internal.StandardHqlTranslator.translate(StandardHqlTranslator.java:71)
	... 106 common frames omitted
11-12-2025 15:28:47.877 [main] INFO  c.t.b.core.BasewareCoreApplication.logStarting - Starting BasewareCoreApplication using Java 21.0.8 with PID 1984 (D:\Work\BanLamViec\api\target\classes started by tainv in D:\Work\BanLamViec\api)
11-12-2025 15:28:47.878 [main] INFO  c.t.b.core.BasewareCoreApplication.logStartupProfileInfo - The following 5 profiles are active: "init", "tls", "uribypass", "openapi", "dev"
11-12-2025 15:28:49.924 [main] INFO  o.s.b.w.e.tomcat.TomcatWebServer.initialize - Tomcat initialized with port 8888 (http)
11-12-2025 15:28:49.924 [main] INFO  o.a.catalina.core.StandardService.log - Starting service [Tomcat]
11-12-2025 15:28:49.924 [main] INFO  o.a.catalina.core.StandardEngine.log - Starting Servlet engine: [Apache Tomcat/10.1.40]
11-12-2025 15:28:50.002 [main] INFO  o.a.c.c.C.[Tomcat].[localhost].[/].log - Initializing Spring embedded WebApplicationContext
11-12-2025 15:28:50.003 [main] INFO  o.s.b.w.s.c.ServletWebServerApplicationContext.prepareWebApplicationContext - Root WebApplicationContext: initialization completed in 2089 ms
11-12-2025 15:28:50.346 [main] INFO  c.t.b.c.configs.CacheConfiguration.redisConnectionFactory - ✅ Configuring Redis connection to localhost:6379 with no authentication
11-12-2025 15:28:50.769 [main] INFO  c.t.b.c.configs.CustomNamingStrategy.init - ✅ Custom naming strategy initialized with development profile (prefix: '')
11-12-2025 15:28:50.991 [main] WARN  com.zaxxer.hikari.HikariConfig.validateNumerics - HikariPool-1 - idleTimeout has been set but has no effect because the pool is operating as a fixed size pool.
11-12-2025 15:28:50.991 [main] INFO  com.zaxxer.hikari.HikariDataSource.getConnection - HikariPool-1 - Starting...
11-12-2025 15:28:51.100 [main] INFO  com.zaxxer.hikari.pool.HikariPool.checkFailFast - HikariPool-1 - Added connection org.postgresql.jdbc.PgConnection@3a388769
11-12-2025 15:28:51.100 [main] INFO  com.zaxxer.hikari.HikariDataSource.getConnection - HikariPool-1 - Start completed.
11-12-2025 15:28:53.342 [main] INFO  o.s.d.j.r.query.QueryEnhancerFactory.<clinit> - Hibernate is in classpath; If applicable, HQL parser will be used.
11-12-2025 15:28:55.236 [main] INFO  o.s.s.c.a.a.c.InitializeAuthenticationProviderBeanManagerConfigurer$InitializeAuthenticationProviderManagerConfigurer.configure - Global AuthenticationManager configured with AuthenticationProvider bean with name customAuthenticationProvider
11-12-2025 15:28:55.586 [main] INFO  c.t.b.c.configs.AsyncConfiguration.executor - ✅ Async Executor initialized with corePoolSize=10, maxPoolSize=50, queueCapacity=100
11-12-2025 15:28:56.506 [main] INFO  c.t.b.c.c.SecurityConfiguration.securityFilterChain - ✅ Security filter chain configured successfully
11-12-2025 15:28:59.895 [main] WARN  o.s.b.w.s.c.AnnotationConfigServletWebServerApplicationContext.refresh - Exception encountered during context initialization - cancelling refresh attempt: org.springframework.context.ApplicationContextException: Failed to start bean 'webServerStartStop'
11-12-2025 15:28:59.901 [main] INFO  c.t.b.c.configs.AsyncConfiguration.shutdownExecutor - ✅ Shutting down Async Executor...
11-12-2025 15:28:59.901 [main] INFO  c.t.b.c.configs.AsyncConfiguration.shutdownExecutor - ✅ Async Executor shutdown completed
11-12-2025 15:28:59.911 [main] INFO  com.zaxxer.hikari.HikariDataSource.close - HikariPool-1 - Shutdown initiated...
11-12-2025 15:28:59.916 [main] INFO  com.zaxxer.hikari.HikariDataSource.close - HikariPool-1 - Shutdown completed.
11-12-2025 15:28:59.941 [main] INFO  o.s.b.a.l.ConditionEvaluationReportLogger.logMessage - 

Error starting ApplicationContext. To display the condition evaluation report re-run your application with 'debug' enabled.
11-12-2025 15:28:59.965 [main] ERROR o.s.boot.SpringApplication.reportFailure - Application run failed
org.springframework.context.ApplicationContextException: Failed to start bean 'webServerStartStop'
	at org.springframework.context.support.DefaultLifecycleProcessor.doStart(DefaultLifecycleProcessor.java:408)
	at org.springframework.context.support.DefaultLifecycleProcessor.doStart(DefaultLifecycleProcessor.java:394)
	at org.springframework.context.support.DefaultLifecycleProcessor$LifecycleGroup.start(DefaultLifecycleProcessor.java:586)
	at java.base/java.lang.Iterable.forEach(Iterable.java:75)
	at org.springframework.context.support.DefaultLifecycleProcessor.startBeans(DefaultLifecycleProcessor.java:364)
	at org.springframework.context.support.DefaultLifecycleProcessor.onRefresh(DefaultLifecycleProcessor.java:310)
	at org.springframework.context.support.AbstractApplicationContext.finishRefresh(AbstractApplicationContext.java:1006)
	at org.springframework.context.support.AbstractApplicationContext.refresh(AbstractApplicationContext.java:630)
	at org.springframework.boot.web.servlet.context.ServletWebServerApplicationContext.refresh(ServletWebServerApplicationContext.java:146)
	at org.springframework.boot.SpringApplication.refresh(SpringApplication.java:753)
	at org.springframework.boot.SpringApplication.refreshContext(SpringApplication.java:439)
	at org.springframework.boot.SpringApplication.run(SpringApplication.java:318)
	at com.tnh.baseware.core.BasewareCoreApplication.main(BasewareCoreApplication.java:39)
Caused by: org.springframework.boot.web.server.WebServerException: Unable to start embedded Tomcat server
	at org.springframework.boot.web.embedded.tomcat.TomcatWebServer.start(TomcatWebServer.java:251)
	at org.springframework.boot.web.servlet.context.WebServerStartStopLifecycle.start(WebServerStartStopLifecycle.java:44)
	at org.springframework.context.support.DefaultLifecycleProcessor.doStart(DefaultLifecycleProcessor.java:405)
	... 12 common frames omitted
Caused by: java.lang.IllegalArgumentException: standardService.connector.startFailed
	at org.apache.catalina.core.StandardService.addConnector(StandardService.java:222)
	at org.springframework.boot.web.embedded.tomcat.TomcatWebServer.addPreviouslyRemovedConnectors(TomcatWebServer.java:310)
	at org.springframework.boot.web.embedded.tomcat.TomcatWebServer.start(TomcatWebServer.java:236)
	... 14 common frames omitted
Caused by: org.apache.catalina.LifecycleException: Protocol handler start failed
	at org.apache.catalina.connector.Connector.startInternal(Connector.java:1082)
	at org.apache.catalina.util.LifecycleBase.start(LifecycleBase.java:164)
	at org.apache.catalina.core.StandardService.addConnector(StandardService.java:219)
	... 16 common frames omitted
Caused by: java.net.BindException: Cannot assign requested address: bind
	at java.base/sun.nio.ch.Net.bind0(Native Method)
	at java.base/sun.nio.ch.Net.bind(Net.java:565)
	at java.base/sun.nio.ch.ServerSocketChannelImpl.netBind(ServerSocketChannelImpl.java:344)
	at java.base/sun.nio.ch.ServerSocketChannelImpl.bind(ServerSocketChannelImpl.java:301)
	at org.apache.tomcat.util.net.NioEndpoint.initServerSocket(NioEndpoint.java:240)
	at org.apache.tomcat.util.net.NioEndpoint.bind(NioEndpoint.java:195)
	at org.apache.tomcat.util.net.AbstractEndpoint.bindWithCleanup(AbstractEndpoint.java:1304)
	at org.apache.tomcat.util.net.AbstractEndpoint.start(AbstractEndpoint.java:1390)
	at org.apache.coyote.AbstractProtocol.start(AbstractProtocol.java:644)
	at org.apache.catalina.connector.Connector.startInternal(Connector.java:1079)
	... 18 common frames omitted
11-12-2025 15:31:52.192 [main] INFO  c.t.b.core.BasewareCoreApplication.logStarting - Starting BasewareCoreApplication using Java 21.0.8 with PID 4552 (D:\Work\BanLamViec\api\target\classes started by tainv in D:\Work\BanLamViec\api)
11-12-2025 15:31:52.194 [main] INFO  c.t.b.core.BasewareCoreApplication.logStartupProfileInfo - The following 5 profiles are active: "init", "tls", "uribypass", "openapi", "dev"
11-12-2025 15:31:54.238 [main] INFO  o.s.b.w.e.tomcat.TomcatWebServer.initialize - Tomcat initialized with port 8888 (http)
11-12-2025 15:31:54.258 [main] INFO  o.a.catalina.core.StandardService.log - Starting service [Tomcat]
11-12-2025 15:31:54.259 [main] INFO  o.a.catalina.core.StandardEngine.log - Starting Servlet engine: [Apache Tomcat/10.1.40]
11-12-2025 15:31:54.329 [main] INFO  o.a.c.c.C.[Tomcat].[localhost].[/].log - Initializing Spring embedded WebApplicationContext
11-12-2025 15:31:54.329 [main] INFO  o.s.b.w.s.c.ServletWebServerApplicationContext.prepareWebApplicationContext - Root WebApplicationContext: initialization completed in 2097 ms
11-12-2025 15:31:54.671 [main] INFO  c.t.b.c.configs.CacheConfiguration.redisConnectionFactory - ✅ Configuring Redis connection to localhost:6379 with no authentication
11-12-2025 15:31:55.089 [main] INFO  c.t.b.c.configs.CustomNamingStrategy.init - ✅ Custom naming strategy initialized with development profile (prefix: '')
11-12-2025 15:31:55.311 [main] WARN  com.zaxxer.hikari.HikariConfig.validateNumerics - HikariPool-1 - idleTimeout has been set but has no effect because the pool is operating as a fixed size pool.
11-12-2025 15:31:55.311 [main] INFO  com.zaxxer.hikari.HikariDataSource.getConnection - HikariPool-1 - Starting...
11-12-2025 15:31:55.420 [main] INFO  com.zaxxer.hikari.pool.HikariPool.checkFailFast - HikariPool-1 - Added connection org.postgresql.jdbc.PgConnection@6894436e
11-12-2025 15:31:55.422 [main] INFO  com.zaxxer.hikari.HikariDataSource.getConnection - HikariPool-1 - Start completed.
11-12-2025 15:31:57.536 [main] INFO  o.s.d.j.r.query.QueryEnhancerFactory.<clinit> - Hibernate is in classpath; If applicable, HQL parser will be used.
11-12-2025 15:31:59.380 [main] INFO  o.s.s.c.a.a.c.InitializeAuthenticationProviderBeanManagerConfigurer$InitializeAuthenticationProviderManagerConfigurer.configure - Global AuthenticationManager configured with AuthenticationProvider bean with name customAuthenticationProvider
11-12-2025 15:31:59.712 [main] INFO  c.t.b.c.configs.AsyncConfiguration.executor - ✅ Async Executor initialized with corePoolSize=10, maxPoolSize=50, queueCapacity=100
11-12-2025 15:32:00.599 [main] INFO  c.t.b.c.c.SecurityConfiguration.securityFilterChain - ✅ Security filter chain configured successfully
11-12-2025 15:32:03.837 [main] WARN  o.s.b.w.s.c.AnnotationConfigServletWebServerApplicationContext.refresh - Exception encountered during context initialization - cancelling refresh attempt: org.springframework.context.ApplicationContextException: Failed to start bean 'webServerStartStop'
11-12-2025 15:32:03.841 [main] INFO  c.t.b.c.configs.AsyncConfiguration.shutdownExecutor - ✅ Shutting down Async Executor...
11-12-2025 15:32:03.841 [main] INFO  c.t.b.c.configs.AsyncConfiguration.shutdownExecutor - ✅ Async Executor shutdown completed
11-12-2025 15:32:03.845 [main] INFO  com.zaxxer.hikari.HikariDataSource.close - HikariPool-1 - Shutdown initiated...
11-12-2025 15:32:03.847 [main] INFO  com.zaxxer.hikari.HikariDataSource.close - HikariPool-1 - Shutdown completed.
11-12-2025 15:32:03.864 [main] INFO  o.s.b.a.l.ConditionEvaluationReportLogger.logMessage - 

Error starting ApplicationContext. To display the condition evaluation report re-run your application with 'debug' enabled.
11-12-2025 15:32:03.880 [main] ERROR o.s.b.d.LoggingFailureAnalysisReporter.report - 

***************************
APPLICATION FAILED TO START
***************************

Description:

Web server failed to start. Port 8888 was already in use.

Action:

Identify and stop the process that's listening on port 8888 or configure this application to listen on another port.

11-12-2025 15:32:25.637 [main] INFO  c.t.b.core.BasewareCoreApplication.logStarting - Starting BasewareCoreApplication using Java 21.0.8 with PID 15224 (D:\Work\BanLamViec\api\target\classes started by tainv in D:\Work\BanLamViec\api)
11-12-2025 15:32:25.639 [main] INFO  c.t.b.core.BasewareCoreApplication.logStartupProfileInfo - The following 5 profiles are active: "init", "tls", "uribypass", "openapi", "dev"
11-12-2025 15:32:27.789 [main] INFO  o.s.b.w.e.tomcat.TomcatWebServer.initialize - Tomcat initialized with port 9999 (http)
11-12-2025 15:32:27.800 [main] INFO  o.a.catalina.core.StandardService.log - Starting service [Tomcat]
11-12-2025 15:32:27.801 [main] INFO  o.a.catalina.core.StandardEngine.log - Starting Servlet engine: [Apache Tomcat/10.1.40]
11-12-2025 15:32:27.859 [main] INFO  o.a.c.c.C.[Tomcat].[localhost].[/].log - Initializing Spring embedded WebApplicationContext
11-12-2025 15:32:27.859 [main] INFO  o.s.b.w.s.c.ServletWebServerApplicationContext.prepareWebApplicationContext - Root WebApplicationContext: initialization completed in 2174 ms
11-12-2025 15:32:28.202 [main] INFO  c.t.b.c.configs.CacheConfiguration.redisConnectionFactory - ✅ Configuring Redis connection to localhost:6379 with no authentication
11-12-2025 15:32:28.624 [main] INFO  c.t.b.c.configs.CustomNamingStrategy.init - ✅ Custom naming strategy initialized with development profile (prefix: '')
11-12-2025 15:32:28.842 [main] WARN  com.zaxxer.hikari.HikariConfig.validateNumerics - HikariPool-1 - idleTimeout has been set but has no effect because the pool is operating as a fixed size pool.
11-12-2025 15:32:28.843 [main] INFO  com.zaxxer.hikari.HikariDataSource.getConnection - HikariPool-1 - Starting...
11-12-2025 15:32:29.083 [main] INFO  com.zaxxer.hikari.pool.HikariPool.checkFailFast - HikariPool-1 - Added connection org.postgresql.jdbc.PgConnection@6894436e
11-12-2025 15:32:29.084 [main] INFO  com.zaxxer.hikari.HikariDataSource.getConnection - HikariPool-1 - Start completed.
11-12-2025 15:32:31.205 [main] INFO  o.s.d.j.r.query.QueryEnhancerFactory.<clinit> - Hibernate is in classpath; If applicable, HQL parser will be used.
11-12-2025 15:32:33.030 [main] INFO  o.s.s.c.a.a.c.InitializeAuthenticationProviderBeanManagerConfigurer$InitializeAuthenticationProviderManagerConfigurer.configure - Global AuthenticationManager configured with AuthenticationProvider bean with name customAuthenticationProvider
11-12-2025 15:32:33.368 [main] INFO  c.t.b.c.configs.AsyncConfiguration.executor - ✅ Async Executor initialized with corePoolSize=10, maxPoolSize=50, queueCapacity=100
11-12-2025 15:32:34.246 [main] INFO  c.t.b.c.c.SecurityConfiguration.securityFilterChain - ✅ Security filter chain configured successfully
11-12-2025 15:32:35.431 [main] INFO  o.s.b.w.e.tomcat.TomcatWebServer.start - Tomcat started on port 9999 (http) with context path '/'
11-12-2025 15:32:35.453 [main] INFO  c.t.b.core.BasewareCoreApplication.logStarted - Started BasewareCoreApplication in 10.333 seconds (process running for 10.753)
11-12-2025 15:32:35.473 [main] INFO  c.t.b.core.configs.DataInitializer.initRoles - Initializing roles...
11-12-2025 15:32:35.583 [main] INFO  c.t.b.core.configs.DataInitializer.initUsers - Initializing users...
11-12-2025 15:32:35.914 [main] INFO  c.t.b.core.BasewareCoreApplication.logApplicationStartup - ----------------------------------------------------------
	Application 'tnh-taskmaster' is running! Access URLs:
	Local: 	http://localhost:9999/
	External: 	http://10.73.60.136:9999/
	Profile(s): 	[init, tls, uribypass, openapi, dev]
	Startup time: 460ms
	JVM Version: 21.0.8
----------------------------------------------------------
11-12-2025 15:32:35.914 [main] INFO  c.t.b.core.BasewareCoreApplication.validateProfiles - ✅ Application started with profile(s): [init, tls, uribypass, openapi, dev]
11-12-2025 15:40:26.890 [SpringApplicationShutdownHook] INFO  o.s.b.w.e.tomcat.GracefulShutdown.shutDownGracefully - Commencing graceful shutdown. Waiting for active requests to complete
11-12-2025 15:40:26.906 [tomcat-shutdown] INFO  o.s.b.w.e.tomcat.GracefulShutdown.doShutdown - Graceful shutdown complete
11-12-2025 15:40:29.005 [SpringApplicationShutdownHook] INFO  c.t.b.c.configs.AsyncConfiguration.shutdownExecutor - ✅ Shutting down Async Executor...
11-12-2025 15:40:29.005 [SpringApplicationShutdownHook] INFO  c.t.b.c.configs.AsyncConfiguration.shutdownExecutor - ✅ Async Executor shutdown completed
11-12-2025 15:40:29.009 [SpringApplicationShutdownHook] INFO  com.zaxxer.hikari.HikariDataSource.close - HikariPool-1 - Shutdown initiated...
11-12-2025 15:40:29.011 [SpringApplicationShutdownHook] INFO  com.zaxxer.hikari.HikariDataSource.close - HikariPool-1 - Shutdown completed.
11-12-2025 15:43:57.386 [main] INFO  c.t.b.core.BasewareCoreApplication.logStarting - Starting BasewareCoreApplication using Java 21.0.8 with PID 17104 (D:\Work\BanLamViec\api\target\classes started by tainv in D:\Work\BanLamViec\api)
11-12-2025 15:43:57.388 [main] INFO  c.t.b.core.BasewareCoreApplication.logStartupProfileInfo - The following 5 profiles are active: "init", "tls", "uribypass", "openapi", "dev"
11-12-2025 15:43:59.421 [main] INFO  o.s.b.w.e.tomcat.TomcatWebServer.initialize - Tomcat initialized with port 9999 (http)
11-12-2025 15:43:59.436 [main] INFO  o.a.catalina.core.StandardService.log - Starting service [Tomcat]
11-12-2025 15:43:59.436 [main] INFO  o.a.catalina.core.StandardEngine.log - Starting Servlet engine: [Apache Tomcat/10.1.40]
11-12-2025 15:43:59.512 [main] INFO  o.a.c.c.C.[Tomcat].[localhost].[/].log - Initializing Spring embedded WebApplicationContext
11-12-2025 15:43:59.512 [main] INFO  o.s.b.w.s.c.ServletWebServerApplicationContext.prepareWebApplicationContext - Root WebApplicationContext: initialization completed in 2088 ms
11-12-2025 15:43:59.866 [main] INFO  c.t.b.c.configs.CacheConfiguration.redisConnectionFactory - ✅ Configuring Redis connection to localhost:6379 with no authentication
11-12-2025 15:44:00.283 [main] INFO  c.t.b.c.configs.CustomNamingStrategy.init - ✅ Custom naming strategy initialized with development profile (prefix: '')
11-12-2025 15:44:00.506 [main] WARN  com.zaxxer.hikari.HikariConfig.validateNumerics - HikariPool-1 - idleTimeout has been set but has no effect because the pool is operating as a fixed size pool.
11-12-2025 15:44:00.506 [main] INFO  com.zaxxer.hikari.HikariDataSource.getConnection - HikariPool-1 - Starting...
11-12-2025 15:44:00.612 [main] INFO  com.zaxxer.hikari.pool.HikariPool.checkFailFast - HikariPool-1 - Added connection org.postgresql.jdbc.PgConnection@5d50e7f6
11-12-2025 15:44:00.612 [main] INFO  com.zaxxer.hikari.HikariDataSource.getConnection - HikariPool-1 - Start completed.
11-12-2025 15:44:02.759 [main] INFO  o.s.d.j.r.query.QueryEnhancerFactory.<clinit> - Hibernate is in classpath; If applicable, HQL parser will be used.
11-12-2025 15:44:04.599 [main] INFO  o.s.s.c.a.a.c.InitializeAuthenticationProviderBeanManagerConfigurer$InitializeAuthenticationProviderManagerConfigurer.configure - Global AuthenticationManager configured with AuthenticationProvider bean with name customAuthenticationProvider
11-12-2025 15:44:04.925 [main] INFO  c.t.b.c.configs.AsyncConfiguration.executor - ✅ Async Executor initialized with corePoolSize=10, maxPoolSize=50, queueCapacity=100
11-12-2025 15:44:05.794 [main] INFO  c.t.b.c.c.SecurityConfiguration.securityFilterChain - ✅ Security filter chain configured successfully
11-12-2025 15:44:06.960 [main] INFO  o.s.b.w.e.tomcat.TomcatWebServer.start - Tomcat started on port 9999 (http) with context path '/'
11-12-2025 15:44:06.982 [main] INFO  c.t.b.core.BasewareCoreApplication.logStarted - Started BasewareCoreApplication in 10.11 seconds (process running for 10.499)
11-12-2025 15:44:06.993 [main] INFO  c.t.b.core.configs.DataInitializer.initRoles - Initializing roles...
11-12-2025 15:44:07.062 [main] INFO  c.t.b.core.configs.DataInitializer.initUsers - Initializing users...
11-12-2025 15:44:07.078 [main] INFO  c.t.b.core.BasewareCoreApplication.logApplicationStartup - ----------------------------------------------------------
	Application 'tnh-taskmaster' is running! Access URLs:
	Local: 	http://localhost:9999/
	External: 	http://10.73.60.136:9999/
	Profile(s): 	[init, tls, uribypass, openapi, dev]
	Startup time: 95ms
	JVM Version: 21.0.8
----------------------------------------------------------
11-12-2025 15:44:07.078 [main] INFO  c.t.b.core.BasewareCoreApplication.validateProfiles - ✅ Application started with profile(s): [init, tls, uribypass, openapi, dev]
11-12-2025 15:44:09.744 [SpringApplicationShutdownHook] INFO  o.s.b.w.e.tomcat.GracefulShutdown.shutDownGracefully - Commencing graceful shutdown. Waiting for active requests to complete
11-12-2025 15:44:09.744 [tomcat-shutdown] INFO  o.s.b.w.e.tomcat.GracefulShutdown.doShutdown - Graceful shutdown complete
11-12-2025 15:44:11.799 [SpringApplicationShutdownHook] INFO  c.t.b.c.configs.AsyncConfiguration.shutdownExecutor - ✅ Shutting down Async Executor...
11-12-2025 15:44:11.800 [SpringApplicationShutdownHook] INFO  c.t.b.c.configs.AsyncConfiguration.shutdownExecutor - ✅ Async Executor shutdown completed
11-12-2025 15:44:11.803 [SpringApplicationShutdownHook] INFO  com.zaxxer.hikari.HikariDataSource.close - HikariPool-1 - Shutdown initiated...
11-12-2025 15:44:11.807 [SpringApplicationShutdownHook] INFO  com.zaxxer.hikari.HikariDataSource.close - HikariPool-1 - Shutdown completed.
11-12-2025 15:47:57.910 [main] INFO  c.t.b.core.BasewareCoreApplication.logStarting - Starting BasewareCoreApplication using Java 21.0.8 with PID 13688 (D:\Work\BanLamViec\api\target\classes started by tainv in D:\Work\BanLamViec\api)
11-12-2025 15:47:57.912 [main] INFO  c.t.b.core.BasewareCoreApplication.logStartupProfileInfo - The following 5 profiles are active: "init", "tls", "uribypass", "openapi", "dev"
11-12-2025 15:48:00.117 [main] INFO  o.s.b.w.e.tomcat.TomcatWebServer.initialize - Tomcat initialized with port 9999 (http)
11-12-2025 15:48:00.138 [main] INFO  o.a.catalina.core.StandardService.log - Starting service [Tomcat]
11-12-2025 15:48:00.139 [main] INFO  o.a.catalina.core.StandardEngine.log - Starting Servlet engine: [Apache Tomcat/10.1.40]
11-12-2025 15:48:00.209 [main] INFO  o.a.c.c.C.[Tomcat].[localhost].[/].log - Initializing Spring embedded WebApplicationContext
11-12-2025 15:48:00.210 [main] INFO  o.s.b.w.s.c.ServletWebServerApplicationContext.prepareWebApplicationContext - Root WebApplicationContext: initialization completed in 2255 ms
11-12-2025 15:48:00.568 [main] INFO  c.t.b.c.configs.CacheConfiguration.redisConnectionFactory - ✅ Configuring Redis connection to localhost:6379 with no authentication
11-12-2025 15:48:00.984 [main] INFO  c.t.b.c.configs.CustomNamingStrategy.init - ✅ Custom naming strategy initialized with development profile (prefix: '')
11-12-2025 15:48:01.195 [main] WARN  com.zaxxer.hikari.HikariConfig.validateNumerics - HikariPool-1 - idleTimeout has been set but has no effect because the pool is operating as a fixed size pool.
11-12-2025 15:48:01.195 [main] INFO  com.zaxxer.hikari.HikariDataSource.getConnection - HikariPool-1 - Starting...
11-12-2025 15:48:01.304 [main] INFO  com.zaxxer.hikari.pool.HikariPool.checkFailFast - HikariPool-1 - Added connection org.postgresql.jdbc.PgConnection@5d50e7f6
11-12-2025 15:48:01.320 [main] INFO  com.zaxxer.hikari.HikariDataSource.getConnection - HikariPool-1 - Start completed.
11-12-2025 15:48:03.481 [main] INFO  o.s.d.j.r.query.QueryEnhancerFactory.<clinit> - Hibernate is in classpath; If applicable, HQL parser will be used.
11-12-2025 15:48:05.394 [main] INFO  o.s.s.c.a.a.c.InitializeAuthenticationProviderBeanManagerConfigurer$InitializeAuthenticationProviderManagerConfigurer.configure - Global AuthenticationManager configured with AuthenticationProvider bean with name customAuthenticationProvider
11-12-2025 15:48:05.731 [main] INFO  c.t.b.c.configs.AsyncConfiguration.executor - ✅ Async Executor initialized with corePoolSize=10, maxPoolSize=50, queueCapacity=100
11-12-2025 15:48:06.624 [main] INFO  c.t.b.c.c.SecurityConfiguration.securityFilterChain - ✅ Security filter chain configured successfully
11-12-2025 15:48:07.928 [main] INFO  o.s.b.w.e.tomcat.TomcatWebServer.start - Tomcat started on port 9999 (http) with context path '/'
11-12-2025 15:48:07.948 [main] INFO  c.t.b.core.BasewareCoreApplication.logStarted - Started BasewareCoreApplication in 10.586 seconds (process running for 10.994)
11-12-2025 15:48:07.957 [main] INFO  c.t.b.core.configs.DataInitializer.initRoles - Initializing roles...
11-12-2025 15:48:08.045 [main] INFO  c.t.b.core.configs.DataInitializer.initUsers - Initializing users...
11-12-2025 15:48:08.064 [main] INFO  c.t.b.core.BasewareCoreApplication.logApplicationStartup - ----------------------------------------------------------
	Application 'tnh-taskmaster' is running! Access URLs:
	Local: 	http://localhost:9999/
	External: 	http://10.73.60.136:9999/
	Profile(s): 	[init, tls, uribypass, openapi, dev]
	Startup time: 114ms
	JVM Version: 21.0.8
----------------------------------------------------------
11-12-2025 15:48:08.064 [main] INFO  c.t.b.core.BasewareCoreApplication.validateProfiles - ✅ Application started with profile(s): [init, tls, uribypass, openapi, dev]
11-12-2025 15:48:30.252 [http-nio-10.73.60.136-9999-exec-1] INFO  o.a.c.c.C.[Tomcat].[localhost].[/].log - Initializing Spring DispatcherServlet 'dispatcherServlet'
11-12-2025 15:48:30.252 [http-nio-10.73.60.136-9999-exec-1] INFO  o.s.web.servlet.DispatcherServlet.initServletBean - Initializing Servlet 'dispatcherServlet'
11-12-2025 15:48:30.252 [http-nio-10.73.60.136-9999-exec-1] INFO  o.s.web.servlet.DispatcherServlet.initServletBean - Completed initialization in 0 ms
11-12-2025 15:48:31.664 [http-nio-10.73.60.136-9999-exec-10] INFO  o.s.api.AbstractOpenApiResource.getOpenApi - Init duration for springdoc-openapi is: 1091 ms
11-12-2025 15:49:23.348 [SpringApplicationShutdownHook] INFO  o.s.b.w.e.tomcat.GracefulShutdown.shutDownGracefully - Commencing graceful shutdown. Waiting for active requests to complete
11-12-2025 15:49:23.350 [tomcat-shutdown] INFO  o.s.b.w.e.tomcat.GracefulShutdown.doShutdown - Graceful shutdown complete
11-12-2025 15:49:25.442 [SpringApplicationShutdownHook] INFO  c.t.b.c.configs.AsyncConfiguration.shutdownExecutor - ✅ Shutting down Async Executor...
11-12-2025 15:49:25.442 [SpringApplicationShutdownHook] INFO  c.t.b.c.configs.AsyncConfiguration.shutdownExecutor - ✅ Async Executor shutdown completed
11-12-2025 15:49:25.446 [SpringApplicationShutdownHook] INFO  com.zaxxer.hikari.HikariDataSource.close - HikariPool-1 - Shutdown initiated...
11-12-2025 15:49:25.448 [SpringApplicationShutdownHook] INFO  com.zaxxer.hikari.HikariDataSource.close - HikariPool-1 - Shutdown completed.
11-12-2025 15:49:33.090 [main] INFO  c.t.b.core.BasewareCoreApplication.logStarting - Starting BasewareCoreApplication using Java 21.0.8 with PID 1412 (D:\Work\BanLamViec\api\target\classes started by tainv in D:\Work\BanLamViec\api)
11-12-2025 15:49:33.092 [main] INFO  c.t.b.core.BasewareCoreApplication.logStartupProfileInfo - The following 5 profiles are active: "init", "tls", "uribypass", "openapi", "dev"
11-12-2025 15:49:35.147 [main] INFO  o.s.b.w.e.tomcat.TomcatWebServer.initialize - Tomcat initialized with port 9999 (http)
11-12-2025 15:49:35.162 [main] INFO  o.a.catalina.core.StandardService.log - Starting service [Tomcat]
11-12-2025 15:49:35.163 [main] INFO  o.a.catalina.core.StandardEngine.log - Starting Servlet engine: [Apache Tomcat/10.1.40]
11-12-2025 15:49:35.225 [main] INFO  o.a.c.c.C.[Tomcat].[localhost].[/].log - Initializing Spring embedded WebApplicationContext
11-12-2025 15:49:35.225 [main] INFO  o.s.b.w.s.c.ServletWebServerApplicationContext.prepareWebApplicationContext - Root WebApplicationContext: initialization completed in 2091 ms
11-12-2025 15:49:35.571 [main] INFO  c.t.b.c.configs.CacheConfiguration.redisConnectionFactory - ✅ Configuring Redis connection to localhost:6379 with no authentication
11-12-2025 15:49:36.001 [main] INFO  c.t.b.c.configs.CustomNamingStrategy.init - ✅ Custom naming strategy initialized with development profile (prefix: '')
11-12-2025 15:49:36.225 [main] WARN  com.zaxxer.hikari.HikariConfig.validateNumerics - HikariPool-1 - idleTimeout has been set but has no effect because the pool is operating as a fixed size pool.
11-12-2025 15:49:36.225 [main] INFO  com.zaxxer.hikari.HikariDataSource.getConnection - HikariPool-1 - Starting...
11-12-2025 15:49:36.332 [main] INFO  com.zaxxer.hikari.pool.HikariPool.checkFailFast - HikariPool-1 - Added connection org.postgresql.jdbc.PgConnection@6b44121e
11-12-2025 15:49:36.345 [main] INFO  com.zaxxer.hikari.HikariDataSource.getConnection - HikariPool-1 - Start completed.
11-12-2025 15:49:38.482 [main] INFO  o.s.d.j.r.query.QueryEnhancerFactory.<clinit> - Hibernate is in classpath; If applicable, HQL parser will be used.
11-12-2025 15:49:40.379 [main] INFO  o.s.s.c.a.a.c.InitializeAuthenticationProviderBeanManagerConfigurer$InitializeAuthenticationProviderManagerConfigurer.configure - Global AuthenticationManager configured with AuthenticationProvider bean with name customAuthenticationProvider
11-12-2025 15:49:40.712 [main] INFO  c.t.b.c.configs.AsyncConfiguration.executor - ✅ Async Executor initialized with corePoolSize=10, maxPoolSize=50, queueCapacity=100
11-12-2025 15:49:41.607 [main] INFO  c.t.b.c.c.SecurityConfiguration.securityFilterChain - ✅ Security filter chain configured successfully
11-12-2025 15:49:42.834 [main] INFO  o.s.b.w.e.tomcat.TomcatWebServer.start - Tomcat started on port 9999 (http) with context path '/'
11-12-2025 15:49:42.855 [main] INFO  c.t.b.core.BasewareCoreApplication.logStarted - Started BasewareCoreApplication in 10.283 seconds (process running for 10.671)
11-12-2025 15:49:42.864 [main] INFO  c.t.b.core.configs.DataInitializer.initRoles - Initializing roles...
11-12-2025 15:49:42.936 [main] INFO  c.t.b.core.configs.DataInitializer.initUsers - Initializing users...
11-12-2025 15:49:42.952 [main] INFO  c.t.b.core.BasewareCoreApplication.logApplicationStartup - ----------------------------------------------------------
	Application 'tnh-taskmaster' is running! Access URLs:
	Local: 	http://localhost:9999/
	External: 	http://10.73.60.136:9999/
	Profile(s): 	[init, tls, uribypass, openapi, dev]
	Startup time: 96ms
	JVM Version: 21.0.8
----------------------------------------------------------
11-12-2025 15:49:42.952 [main] INFO  c.t.b.core.BasewareCoreApplication.validateProfiles - ✅ Application started with profile(s): [init, tls, uribypass, openapi, dev]
11-12-2025 15:49:45.351 [http-nio-10.73.60.136-9999-exec-1] INFO  o.a.c.c.C.[Tomcat].[localhost].[/].log - Initializing Spring DispatcherServlet 'dispatcherServlet'
11-12-2025 15:49:45.352 [http-nio-10.73.60.136-9999-exec-1] INFO  o.s.web.servlet.DispatcherServlet.initServletBean - Initializing Servlet 'dispatcherServlet'
11-12-2025 15:49:45.354 [http-nio-10.73.60.136-9999-exec-1] INFO  o.s.web.servlet.DispatcherServlet.initServletBean - Completed initialization in 2 ms
11-12-2025 15:49:46.625 [http-nio-10.73.60.136-9999-exec-10] INFO  o.s.api.AbstractOpenApiResource.getOpenApi - Init duration for springdoc-openapi is: 1069 ms
